2020-11-12 13:31:02,870 [Worker-4] INFO  c.g.t.t.d.PublishedGradleVersions - Gradle version information cache is out-of-date. Trying to update.
2020-11-12 13:31:08,123 [Worker-7] ERROR o.e.m.c.i.p.r.ProjectRegistryReader - Can't read workspace state
java.io.InvalidClassException: org.eclipse.m2e.core.internal.project.registry.BasicProjectRegistry; local class incompatible: stream classdesc serialVersionUID = 5542512601401896748, local class serialVersionUID = 6232274446642339434
	at java.io.ObjectStreamClass.initNonProxy(ObjectStreamClass.java:621) ~[na:1.8.0_25]
	at java.io.ObjectInputStream.readNonProxyDesc(ObjectInputStream.java:1623) ~[na:1.8.0_25]
	at java.io.ObjectInputStream.readClassDesc(ObjectInputStream.java:1518) ~[na:1.8.0_25]
	at java.io.ObjectInputStream.readNonProxyDesc(ObjectInputStream.java:1623) ~[na:1.8.0_25]
	at java.io.ObjectInputStream.readClassDesc(ObjectInputStream.java:1518) ~[na:1.8.0_25]
	at java.io.ObjectInputStream.readOrdinaryObject(ObjectInputStream.java:1774) ~[na:1.8.0_25]
	at java.io.ObjectInputStream.readObject0(ObjectInputStream.java:1351) ~[na:1.8.0_25]
	at java.io.ObjectInputStream.readObject(ObjectInputStream.java:371) ~[na:1.8.0_25]
	at org.eclipse.m2e.core.internal.project.registry.ProjectRegistryReader.readWorkspaceState(ProjectRegistryReader.java:100) ~[org.eclipse.m2e.core_1.8.3.20180227-2137.jar:na]
	at org.eclipse.m2e.core.internal.project.registry.ProjectRegistryManager.<init>(ProjectRegistryManager.java:164) [org.eclipse.m2e.core_1.8.3.20180227-2137.jar:na]
	at org.eclipse.m2e.core.internal.MavenPluginActivator.start(MavenPluginActivator.java:211) [org.eclipse.m2e.core_1.8.3.20180227-2137.jar:na]
	at org.eclipse.osgi.internal.framework.BundleContextImpl$3.run(BundleContextImpl.java:779) [org.eclipse.osgi_3.12.100.v20180210-1608.jar:na]
	at org.eclipse.osgi.internal.framework.BundleContextImpl$3.run(BundleContextImpl.java:1) [org.eclipse.osgi_3.12.100.v20180210-1608.jar:na]
	at java.security.AccessController.doPrivileged(Native Method) [na:1.8.0_25]
	at org.eclipse.osgi.internal.framework.BundleContextImpl.startActivator(BundleContextImpl.java:772) [org.eclipse.osgi_3.12.100.v20180210-1608.jar:na]
	at org.eclipse.osgi.internal.framework.BundleContextImpl.start(BundleContextImpl.java:729) [org.eclipse.osgi_3.12.100.v20180210-1608.jar:na]
	at org.eclipse.osgi.internal.framework.EquinoxBundle.startWorker0(EquinoxBundle.java:933) [org.eclipse.osgi_3.12.100.v20180210-1608.jar:na]
	at org.eclipse.osgi.internal.framework.EquinoxBundle$EquinoxModule.startWorker(EquinoxBundle.java:309) [org.eclipse.osgi_3.12.100.v20180210-1608.jar:na]
	at org.eclipse.osgi.container.Module.doStart(Module.java:581) [org.eclipse.osgi_3.12.100.v20180210-1608.jar:na]
	at org.eclipse.osgi.container.Module.start(Module.java:449) [org.eclipse.osgi_3.12.100.v20180210-1608.jar:na]
	at org.eclipse.osgi.framework.util.SecureAction.start(SecureAction.java:468) [org.eclipse.osgi_3.12.100.v20180210-1608.jar:na]
	at org.eclipse.osgi.internal.hooks.EclipseLazyStarter.postFindLocalClass(EclipseLazyStarter.java:103) [org.eclipse.osgi_3.12.100.v20180210-1608.jar:na]
	at org.eclipse.osgi.internal.loader.classpath.ClasspathManager.findLocalClass(ClasspathManager.java:529) [org.eclipse.osgi_3.12.100.v20180210-1608.jar:na]
	at org.eclipse.osgi.internal.loader.ModuleClassLoader.findLocalClass(ModuleClassLoader.java:328) [org.eclipse.osgi_3.12.100.v20180210-1608.jar:na]
	at org.eclipse.osgi.internal.loader.BundleLoader.findLocalClass(BundleLoader.java:368) [org.eclipse.osgi_3.12.100.v20180210-1608.jar:na]
	at org.eclipse.osgi.internal.loader.sources.SingleSourcePackage.loadClass(SingleSourcePackage.java:36) [org.eclipse.osgi_3.12.100.v20180210-1608.jar:na]
	at org.eclipse.osgi.internal.loader.BundleLoader.findClassInternal(BundleLoader.java:442) [org.eclipse.osgi_3.12.100.v20180210-1608.jar:na]
	at org.eclipse.osgi.internal.loader.BundleLoader.findClass(BundleLoader.java:395) [org.eclipse.osgi_3.12.100.v20180210-1608.jar:na]
	at org.eclipse.osgi.internal.loader.BundleLoader.findClass(BundleLoader.java:387) [org.eclipse.osgi_3.12.100.v20180210-1608.jar:na]
	at org.eclipse.osgi.internal.loader.ModuleClassLoader.loadClass(ModuleClassLoader.java:150) [org.eclipse.osgi_3.12.100.v20180210-1608.jar:na]
	at java.lang.ClassLoader.loadClass(ClassLoader.java:357) [na:1.8.0_25]
	at java.lang.Class.forName0(Native Method) [na:1.8.0_25]
	at java.lang.Class.forName(Class.java:260) [na:1.8.0_25]
	at org.sonarlint.eclipse.m2e.internal.MavenModuleFilter.isM2ePresent(MavenModuleFilter.java:35) [org.sonarlint.eclipse.m2e_3.4.0.201803051332.jar:na]
	at org.sonarlint.eclipse.m2e.internal.MavenModuleFilter.<init>(MavenModuleFilter.java:30) [org.sonarlint.eclipse.m2e_3.4.0.201803051332.jar:na]
	at sun.reflect.NativeConstructorAccessorImpl.newInstance0(Native Method) [na:1.8.0_25]
	at sun.reflect.NativeConstructorAccessorImpl.newInstance(NativeConstructorAccessorImpl.java:62) [na:1.8.0_25]
	at sun.reflect.DelegatingConstructorAccessorImpl.newInstance(DelegatingConstructorAccessorImpl.java:45) [na:1.8.0_25]
	at java.lang.reflect.Constructor.newInstance(Constructor.java:408) [na:1.8.0_25]
	at java.lang.Class.newInstance(Class.java:438) [na:1.8.0_25]
	at org.eclipse.core.internal.registry.osgi.RegistryStrategyOSGI.createExecutableExtension(RegistryStrategyOSGI.java:184) [org.eclipse.equinox.registry_3.7.0.v20170222-1344.jar:na]
	at org.eclipse.core.internal.registry.ExtensionRegistry.createExecutableExtension(ExtensionRegistry.java:905) [org.eclipse.equinox.registry_3.7.0.v20170222-1344.jar:na]
	at org.eclipse.core.internal.registry.ConfigurationElement.createExecutableExtension(ConfigurationElement.java:243) [org.eclipse.equinox.registry_3.7.0.v20170222-1344.jar:na]
	at org.eclipse.core.internal.registry.ConfigurationElementHandle.createExecutableExtension(ConfigurationElementHandle.java:55) [org.eclipse.equinox.registry_3.7.0.v20170222-1344.jar:na]
	at org.sonarlint.eclipse.core.internal.extension.SonarLintExtensionTracker.instanciateAndRegister(SonarLintExtensionTracker.java:105) [org.sonarlint.eclipse.core_3.4.0.201803051332.jar:na]
	at org.sonarlint.eclipse.core.internal.extension.SonarLintExtensionTracker.addExtension(SonarLintExtensionTracker.java:95) [org.sonarlint.eclipse.core_3.4.0.201803051332.jar:na]
	at org.sonarlint.eclipse.core.internal.extension.SonarLintExtensionTracker.start(SonarLintExtensionTracker.java:78) [org.sonarlint.eclipse.core_3.4.0.201803051332.jar:na]
	at org.sonarlint.eclipse.core.internal.SonarLintCorePlugin.start(SonarLintCorePlugin.java:96) [org.sonarlint.eclipse.core_3.4.0.201803051332.jar:na]
	at org.eclipse.osgi.internal.framework.BundleContextImpl$3.run(BundleContextImpl.java:779) [org.eclipse.osgi_3.12.100.v20180210-1608.jar:na]
	at org.eclipse.osgi.internal.framework.BundleContextImpl$3.run(BundleContextImpl.java:1) [org.eclipse.osgi_3.12.100.v20180210-1608.jar:na]
	at java.security.AccessController.doPrivileged(Native Method) [na:1.8.0_25]
	at org.eclipse.osgi.internal.framework.BundleContextImpl.startActivator(BundleContextImpl.java:772) [org.eclipse.osgi_3.12.100.v20180210-1608.jar:na]
	at org.eclipse.osgi.internal.framework.BundleContextImpl.start(BundleContextImpl.java:729) [org.eclipse.osgi_3.12.100.v20180210-1608.jar:na]
	at org.eclipse.osgi.internal.framework.EquinoxBundle.startWorker0(EquinoxBundle.java:933) [org.eclipse.osgi_3.12.100.v20180210-1608.jar:na]
	at org.eclipse.osgi.internal.framework.EquinoxBundle$EquinoxModule.startWorker(EquinoxBundle.java:309) [org.eclipse.osgi_3.12.100.v20180210-1608.jar:na]
	at org.eclipse.osgi.container.Module.doStart(Module.java:581) [org.eclipse.osgi_3.12.100.v20180210-1608.jar:na]
	at org.eclipse.osgi.container.Module.start(Module.java:449) [org.eclipse.osgi_3.12.100.v20180210-1608.jar:na]
	at org.eclipse.osgi.framework.util.SecureAction.start(SecureAction.java:468) [org.eclipse.osgi_3.12.100.v20180210-1608.jar:na]
	at org.eclipse.osgi.internal.hooks.EclipseLazyStarter.postFindLocalClass(EclipseLazyStarter.java:103) [org.eclipse.osgi_3.12.100.v20180210-1608.jar:na]
	at org.eclipse.osgi.internal.loader.classpath.ClasspathManager.findLocalClass(ClasspathManager.java:529) [org.eclipse.osgi_3.12.100.v20180210-1608.jar:na]
	at org.eclipse.osgi.internal.loader.ModuleClassLoader.findLocalClass(ModuleClassLoader.java:328) [org.eclipse.osgi_3.12.100.v20180210-1608.jar:na]
	at org.eclipse.osgi.internal.loader.BundleLoader.findLocalClass(BundleLoader.java:368) [org.eclipse.osgi_3.12.100.v20180210-1608.jar:na]
	at org.eclipse.osgi.internal.loader.sources.SingleSourcePackage.loadClass(SingleSourcePackage.java:36) [org.eclipse.osgi_3.12.100.v20180210-1608.jar:na]
	at org.eclipse.osgi.internal.loader.BundleLoader.findClassInternal(BundleLoader.java:442) [org.eclipse.osgi_3.12.100.v20180210-1608.jar:na]
	at org.eclipse.osgi.internal.loader.BundleLoader.findClass(BundleLoader.java:395) [org.eclipse.osgi_3.12.100.v20180210-1608.jar:na]
	at org.eclipse.osgi.internal.loader.BundleLoader.findClass(BundleLoader.java:387) [org.eclipse.osgi_3.12.100.v20180210-1608.jar:na]
	at org.eclipse.osgi.internal.loader.ModuleClassLoader.loadClass(ModuleClassLoader.java:150) [org.eclipse.osgi_3.12.100.v20180210-1608.jar:na]
	at java.lang.ClassLoader.loadClass(ClassLoader.java:357) [na:1.8.0_25]
	at java.lang.Class.getDeclaredConstructors0(Native Method) [na:1.8.0_25]
	at java.lang.Class.privateGetDeclaredConstructors(Class.java:2663) [na:1.8.0_25]
	at java.lang.Class.getConstructor0(Class.java:3067) [na:1.8.0_25]
	at java.lang.Class.newInstance(Class.java:408) [na:1.8.0_25]
	at org.eclipse.osgi.internal.framework.BundleContextImpl.loadBundleActivator(BundleContextImpl.java:763) [org.eclipse.osgi_3.12.100.v20180210-1608.jar:na]
	at org.eclipse.osgi.internal.framework.BundleContextImpl.start(BundleContextImpl.java:716) [org.eclipse.osgi_3.12.100.v20180210-1608.jar:na]
	at org.eclipse.osgi.internal.framework.EquinoxBundle.startWorker0(EquinoxBundle.java:933) [org.eclipse.osgi_3.12.100.v20180210-1608.jar:na]
	at org.eclipse.osgi.internal.framework.EquinoxBundle$EquinoxModule.startWorker(EquinoxBundle.java:309) [org.eclipse.osgi_3.12.100.v20180210-1608.jar:na]
	at org.eclipse.osgi.container.Module.doStart(Module.java:581) [org.eclipse.osgi_3.12.100.v20180210-1608.jar:na]
	at org.eclipse.osgi.container.Module.start(Module.java:449) [org.eclipse.osgi_3.12.100.v20180210-1608.jar:na]
	at org.eclipse.osgi.framework.util.SecureAction.start(SecureAction.java:468) [org.eclipse.osgi_3.12.100.v20180210-1608.jar:na]
	at org.eclipse.osgi.internal.hooks.EclipseLazyStarter.postFindLocalClass(EclipseLazyStarter.java:103) [org.eclipse.osgi_3.12.100.v20180210-1608.jar:na]
	at org.eclipse.osgi.internal.loader.classpath.ClasspathManager.findLocalClass(ClasspathManager.java:529) [org.eclipse.osgi_3.12.100.v20180210-1608.jar:na]
	at org.eclipse.osgi.internal.loader.ModuleClassLoader.findLocalClass(ModuleClassLoader.java:328) [org.eclipse.osgi_3.12.100.v20180210-1608.jar:na]
	at org.eclipse.osgi.internal.loader.BundleLoader.findLocalClass(BundleLoader.java:368) [org.eclipse.osgi_3.12.100.v20180210-1608.jar:na]
	at org.eclipse.osgi.internal.loader.BundleLoader.findClassInternal(BundleLoader.java:446) [org.eclipse.osgi_3.12.100.v20180210-1608.jar:na]
	at org.eclipse.osgi.internal.loader.BundleLoader.findClass(BundleLoader.java:395) [org.eclipse.osgi_3.12.100.v20180210-1608.jar:na]
	at org.eclipse.osgi.internal.loader.BundleLoader.findClass(BundleLoader.java:387) [org.eclipse.osgi_3.12.100.v20180210-1608.jar:na]
	at org.eclipse.osgi.internal.loader.ModuleClassLoader.loadClass(ModuleClassLoader.java:150) [org.eclipse.osgi_3.12.100.v20180210-1608.jar:na]
	at java.lang.ClassLoader.loadClass(ClassLoader.java:357) [na:1.8.0_25]
	at org.eclipse.osgi.internal.framework.EquinoxBundle.loadClass(EquinoxBundle.java:564) [org.eclipse.osgi_3.12.100.v20180210-1608.jar:na]
	at org.eclipse.core.internal.registry.osgi.RegistryStrategyOSGI.createExecutableExtension(RegistryStrategyOSGI.java:174) [org.eclipse.equinox.registry_3.7.0.v20170222-1344.jar:na]
	at org.eclipse.core.internal.registry.ExtensionRegistry.createExecutableExtension(ExtensionRegistry.java:905) [org.eclipse.equinox.registry_3.7.0.v20170222-1344.jar:na]
	at org.eclipse.core.internal.registry.ConfigurationElement.createExecutableExtension(ConfigurationElement.java:243) [org.eclipse.equinox.registry_3.7.0.v20170222-1344.jar:na]
	at org.eclipse.core.internal.registry.ConfigurationElementHandle.createExecutableExtension(ConfigurationElementHandle.java:55) [org.eclipse.equinox.registry_3.7.0.v20170222-1344.jar:na]
	at org.eclipse.ui.internal.WorkbenchPlugin.lambda$0(WorkbenchPlugin.java:288) [org.eclipse.ui.workbench_3.110.1.v20170704-1208.jar:na]
	at org.eclipse.ui.internal.WorkbenchPlugin$$Lambda$349/1076258357.run(Unknown Source) [org.eclipse.ui.workbench_3.110.1.v20170704-1208.jar:na]
	at org.eclipse.swt.custom.BusyIndicator.showWhile(BusyIndicator.java:52) [org.eclipse.swt.win32.win32.x86_64_3.106.3.v20180329-0507.jar:na]
	at org.eclipse.ui.internal.WorkbenchPlugin.createExtension(WorkbenchPlugin.java:285) [org.eclipse.ui.workbench_3.110.1.v20170704-1208.jar:na]
	at org.eclipse.ui.internal.decorators.LightweightDecoratorDefinition$1.run(LightweightDecoratorDefinition.java:125) [org.eclipse.ui.workbench_3.110.1.v20170704-1208.jar:na]
	at org.eclipse.core.runtime.SafeRunner.run(SafeRunner.java:42) [org.eclipse.equinox.common_3.9.0.v20170207-1454.jar:na]
	at org.eclipse.ui.internal.decorators.LightweightDecoratorDefinition.internalGetDecorator(LightweightDecoratorDefinition.java:120) [org.eclipse.ui.workbench_3.110.1.v20170704-1208.jar:na]
	at org.eclipse.ui.internal.decorators.LightweightDecoratorDefinition.decorate(LightweightDecoratorDefinition.java:242) [org.eclipse.ui.workbench_3.110.1.v20170704-1208.jar:na]
	at org.eclipse.ui.internal.decorators.LightweightDecoratorManager$LightweightRunnable.run(LightweightDecoratorManager.java:104) [org.eclipse.ui.workbench_3.110.1.v20170704-1208.jar:na]
	at org.eclipse.core.runtime.SafeRunner.run(SafeRunner.java:42) [org.eclipse.equinox.common_3.9.0.v20170207-1454.jar:na]
	at org.eclipse.ui.internal.decorators.LightweightDecoratorManager.decorate(LightweightDecoratorManager.java:377) [org.eclipse.ui.workbench_3.110.1.v20170704-1208.jar:na]
	at org.eclipse.ui.internal.decorators.LightweightDecoratorManager.getDecorations(LightweightDecoratorManager.java:359) [org.eclipse.ui.workbench_3.110.1.v20170704-1208.jar:na]
	at org.eclipse.ui.internal.decorators.DecorationScheduler$1.ensureResultCached(DecorationScheduler.java:347) [org.eclipse.ui.workbench_3.110.1.v20170704-1208.jar:na]
	at org.eclipse.ui.internal.decorators.DecorationScheduler$1.run(DecorationScheduler.java:311) [org.eclipse.ui.workbench_3.110.1.v20170704-1208.jar:na]
	at org.eclipse.core.internal.jobs.Worker.run(Worker.java:56) [org.eclipse.core.jobs_3.9.3.v20180115-1757.jar:na]
2020-11-12 13:32:32,120 [Worker-1] INFO  c.g.t.t.d.PublishedGradleVersions - Gradle version information cache is up-to-date. Trying to read.
2020-11-12 17:15:09,429 [Worker-117] WARN  o.e.r.models.ModelRepository - Failed to download org.eclipse.recommenders:index::zip:0.0.0
org.eclipse.aether.resolution.ArtifactResolutionException: Could not find artifact org.eclipse.recommenders:index:zip:0.0.0-SNAPSHOT in models (http://download.eclipse.org/recommenders/models/oxygen/)
	at org.eclipse.aether.internal.impl.DefaultArtifactResolver.resolve(DefaultArtifactResolver.java:453) ~[na:na]
	at org.eclipse.aether.internal.impl.DefaultArtifactResolver.resolveArtifacts(DefaultArtifactResolver.java:255) ~[na:na]
	at org.eclipse.aether.internal.impl.DefaultArtifactResolver.resolveArtifact(DefaultArtifactResolver.java:232) ~[na:na]
	at org.eclipse.aether.internal.impl.DefaultRepositorySystem.resolveArtifact(DefaultRepositorySystem.java:303) ~[na:na]
	at org.eclipse.recommenders.models.ModelRepository.resolveInternal(ModelRepository.java:193) [org.eclipse.recommenders.models_2.5.2.v20180401-1226.jar:na]
	at org.eclipse.recommenders.models.ModelRepository.resolve(ModelRepository.java:172) [org.eclipse.recommenders.models_2.5.2.v20180401-1226.jar:na]
	at org.eclipse.recommenders.internal.models.rcp.EclipseModelRepository.resolve(EclipseModelRepository.java:168) [org.eclipse.recommenders.models.rcp_2.5.2.v20180401-1226.jar:na]
	at org.eclipse.recommenders.internal.models.rcp.DownloadModelArchiveJob.run(DownloadModelArchiveJob.java:76) [org.eclipse.recommenders.models.rcp_2.5.2.v20180401-1226.jar:na]
	at org.eclipse.core.internal.jobs.Worker.run(Worker.java:56) [org.eclipse.core.jobs_3.9.3.v20180115-1757.jar:na]
Caused by: org.eclipse.aether.transfer.ArtifactNotFoundException: Could not find artifact org.eclipse.recommenders:index:zip:0.0.0-SNAPSHOT in models (http://download.eclipse.org/recommenders/models/oxygen/)
	at org.eclipse.aether.connector.basic.ArtifactTransportListener.transferFailed(ArtifactTransportListener.java:48) ~[org.apache.maven.resolver.connector.basic_1.0.3.v20170405-0725.jar:1.0.3]
	at org.eclipse.aether.connector.basic.BasicRepositoryConnector$TaskRunner.run(BasicRepositoryConnector.java:364) ~[org.apache.maven.resolver.connector.basic_1.0.3.v20170405-0725.jar:1.0.3]
	at org.eclipse.aether.util.concurrency.RunnableErrorForwarder$1.run(RunnableErrorForwarder.java:76) ~[na:na]
	at org.eclipse.aether.connector.basic.BasicRepositoryConnector$DirectExecutor.execute(BasicRepositoryConnector.java:590) ~[org.apache.maven.resolver.connector.basic_1.0.3.v20170405-0725.jar:1.0.3]
	at org.eclipse.aether.connector.basic.BasicRepositoryConnector.get(BasicRepositoryConnector.java:258) ~[org.apache.maven.resolver.connector.basic_1.0.3.v20170405-0725.jar:1.0.3]
	at org.eclipse.aether.internal.impl.DefaultArtifactResolver.performDownloads(DefaultArtifactResolver.java:529) ~[na:na]
	at org.eclipse.aether.internal.impl.DefaultArtifactResolver.resolve(DefaultArtifactResolver.java:430) ~[na:na]
	... 8 common frames omitted
