#
# There is insufficient memory for the Java Runtime Environment to continue.
# Native memory allocation (malloc) failed to allocate 403696 bytes for Chunk::new
# Possible reasons:
#   The system is out of physical RAM or swap space
#   In 32 bit mode, the process size limit was hit
# Possible solutions:
#   Reduce memory load on the system
#   Increase physical memory or swap space
#   Check if swap backing store is full
#   Use 64 bit Java on a 64 bit OS
#   Decrease Java heap size (-Xmx/-Xms)
#   Decrease number of Java threads
#   Decrease Java thread stack sizes (-Xss)
#   Set larger code cache with -XX:ReservedCodeCacheSize=
# This output file may be truncated or incomplete.
#
#  Out of Memory Error (allocation.cpp:390), pid=29284, tid=35528
#
# JRE version: Java(TM) SE Runtime Environment (8.0_25-b18) (build 1.8.0_25-b18)
# Java VM: Java HotSpot(TM) 64-Bit Server VM (25.25-b02 mixed mode windows-amd64 compressed oops)
# Failed to write core dump. Minidumps are not enabled by default on client versions of Windows
#

---------------  T H R E A D  ---------------

Current thread (0x00000265baa6b000):  JavaThread "C2 CompilerThread1" daemon [_thread_in_native, id=35528, stack(0x000000d9de800000,0x000000d9de900000)]

Stack: [0x000000d9de800000,0x000000d9de900000]
Native frames: (J=compiled Java code, j=interpreted, Vv=VM code, C=native code)
V  [jvm.dll+0x31667a]


Current CompileTask:
C2:   1373  412       4       java.text.DecimalFormat::subparse (864 bytes)


---------------  P R O C E S S  ---------------

Java Threads: ( => current thread )
  0x00000265bc1df800 JavaThread "Service Thread" daemon [_thread_blocked, id=20672, stack(0x000000d9deb00000,0x000000d9dec00000)]
  0x00000265bc186000 JavaThread "C1 CompilerThread3" daemon [_thread_blocked, id=38116, stack(0x000000d9dea00000,0x000000d9deb00000)]
  0x00000265bc161000 JavaThread "C2 CompilerThread2" daemon [_thread_in_native, id=46280, stack(0x000000d9de900000,0x000000d9dea00000)]
=>0x00000265baa6b000 JavaThread "C2 CompilerThread1" daemon [_thread_in_native, id=35528, stack(0x000000d9de800000,0x000000d9de900000)]
  0x00000265bc154800 JavaThread "C2 CompilerThread0" daemon [_thread_in_native, id=47368, stack(0x000000d9de700000,0x000000d9de800000)]
  0x00000265bc15e000 JavaThread "Attach Listener" daemon [_thread_blocked, id=5192, stack(0x000000d9de600000,0x000000d9de700000)]
  0x00000265bc15d000 JavaThread "Signal Dispatcher" daemon [_thread_blocked, id=43272, stack(0x000000d9de500000,0x000000d9de600000)]
  0x00000265baa5c800 JavaThread "Finalizer" daemon [_thread_blocked, id=28616, stack(0x000000d9de400000,0x000000d9de500000)]
  0x00000265983d5800 JavaThread "Reference Handler" daemon [_thread_blocked, id=22320, stack(0x000000d9de300000,0x000000d9de400000)]
  0x000002659826e000 JavaThread "main" [_thread_in_Java, id=44888, stack(0x000000d9dd700000,0x000000d9dd800000)]

Other Threads:
  0x00000265bc122800 VMThread [stack: 0x000000d9de200000,0x000000d9de300000] [id=36464]
  0x00000265bc15b800 WatcherThread [stack: 0x000000d9dec00000,0x000000d9ded00000] [id=30840]

VM state:not at safepoint (normal execution)

VM Mutex/Monitor currently owned by a thread: None

Heap:
 PSYoungGen      total 151552K, used 73118K [0x0000000716d00000, 0x0000000721600000, 0x00000007c0000000)
  eden space 130048K, 56% used [0x0000000716d00000,0x000000071b467a08,0x000000071ec00000)
  from space 21504K, 0% used [0x0000000720100000,0x0000000720100000,0x0000000721600000)
  to   space 21504K, 0% used [0x000000071ec00000,0x000000071ec00000,0x0000000720100000)
 ParOldGen       total 347136K, used 0K [0x00000005c4600000, 0x00000005d9900000, 0x0000000716d00000)
  object space 347136K, 0% used [0x00000005c4600000,0x00000005c4600000,0x00000005d9900000)
 Metaspace       used 3735K, capacity 4562K, committed 4864K, reserved 1056768K
  class space    used 376K, capacity 386K, committed 512K, reserved 1048576K

Card table byte_map: [0x00000265a77a0000,0x00000265a8780000] byte_map_base: 0x00000265a497d000

Marking Bits: (ParMarkBitMap*) 0x0000000050b9d490
 Begin Bits: [0x00000265a9220000, 0x00000265b1108000)
 End Bits:   [0x00000265b1108000, 0x00000265b8ff0000)

Polling page: 0x00000265968e0000

CodeCache: size=245760Kb used=2495Kb max_used=2495Kb free=243264Kb
 bounds [0x00000265983e0000, 0x0000026598660000, 0x00000265a73e0000]
 total_blobs=681 nmethods=431 adapters=164
 compilation: enabled

Compilation events (10 events):
Event: 1.338 Thread 0x00000265bc186000  406       3       java.util.Calendar$Builder::build (635 bytes)
Event: 1.339 Thread 0x00000265baa6b000 nmethod 390 0x0000026598634f10 code [0x0000026598635060, 0x00000265986353b8]
Event: 1.339 Thread 0x00000265baa6b000  412       4       java.text.DecimalFormat::subparse (864 bytes)
Event: 1.340 Thread 0x00000265bc161000 nmethod 391 0x0000026598633090 code [0x0000026598633220, 0x00000265986336d0]
Event: 1.340 Thread 0x00000265bc161000  411       4       java.text.CalendarBuilder::set (63 bytes)
Event: 1.341 Thread 0x00000265bc161000 nmethod 411 0x0000026598632cd0 code [0x0000026598632e20, 0x0000026598632f68]
Event: 1.341 Thread 0x00000265bc161000  413   !   4       java.text.DecimalFormat::parse (495 bytes)
Event: 1.341 Thread 0x00000265bc186000 nmethod 406 0x0000026598637210 code [0x0000026598637740, 0x000002659863aff0]
Event: 1.341 Thread 0x00000265bc186000  395       3       java.lang.AbstractStringBuilder::append (50 bytes)
Event: 1.341 Thread 0x00000265bc186000 nmethod 395 0x0000026598632490 code [0x0000026598632640, 0x0000026598632b40]

GC Heap History (0 events):
No events

Deoptimization events (0 events):
No events

Internal exceptions (10 events):
Event: 0.145 Thread 0x000002659826e000 Exception <a 'java/security/PrivilegedActionException'> (0x0000000716d5aa08) thrown at [D:\re\workspace\8-2-build-windows-amd64-cygwin\jdk8u25\1677\hotspot\src\share\vm\prims\jvm.cpp, line 1312]
Event: 0.966 Thread 0x000002659826e000 Exception <a 'java/security/PrivilegedActionException'> (0x0000000716d70ea8) thrown at [D:\re\workspace\8-2-build-windows-amd64-cygwin\jdk8u25\1677\hotspot\src\share\vm\prims\jvm.cpp, line 1312]
Event: 1.028 Thread 0x000002659826e000 Exception <a 'java/security/PrivilegedActionException'> (0x0000000716db6478) thrown at [D:\re\workspace\8-2-build-windows-amd64-cygwin\jdk8u25\1677\hotspot\src\share\vm\prims\jvm.cpp, line 1312]
Event: 1.028 Thread 0x000002659826e000 Exception <a 'java/security/PrivilegedActionException'> (0x0000000716db67c0) thrown at [D:\re\workspace\8-2-build-windows-amd64-cygwin\jdk8u25\1677\hotspot\src\share\vm\prims\jvm.cpp, line 1312]
Event: 1.029 Thread 0x000002659826e000 Exception <a 'java/security/PrivilegedActionException'> (0x0000000716db90e8) thrown at [D:\re\workspace\8-2-build-windows-amd64-cygwin\jdk8u25\1677\hotspot\src\share\vm\prims\jvm.cpp, line 1312]
Event: 1.029 Thread 0x000002659826e000 Exception <a 'java/security/PrivilegedActionException'> (0x0000000716db9430) thrown at [D:\re\workspace\8-2-build-windows-amd64-cygwin\jdk8u25\1677\hotspot\src\share\vm\prims\jvm.cpp, line 1312]
Event: 1.062 Thread 0x000002659826e000 Exception <a 'java/security/PrivilegedActionException'> (0x0000000716dbfe10) thrown at [D:\re\workspace\8-2-build-windows-amd64-cygwin\jdk8u25\1677\hotspot\src\share\vm\prims\jvm.cpp, line 1312]
Event: 1.062 Thread 0x000002659826e000 Exception <a 'java/security/PrivilegedActionException'> (0x0000000716dc11d0) thrown at [D:\re\workspace\8-2-build-windows-amd64-cygwin\jdk8u25\1677\hotspot\src\share\vm\prims\jvm.cpp, line 1312]
Event: 1.078 Thread 0x000002659826e000 Exception <a 'java/security/PrivilegedActionException'> (0x0000000716dda910) thrown at [D:\re\workspace\8-2-build-windows-amd64-cygwin\jdk8u25\1677\hotspot\src\share\vm\prims\jvm.cpp, line 1312]
Event: 1.078 Thread 0x000002659826e000 Exception <a 'java/security/PrivilegedActionException'> (0x0000000716ddbca8) thrown at [D:\re\workspace\8-2-build-windows-amd64-cygwin\jdk8u25\1677\hotspot\src\share\vm\prims\jvm.cpp, line 1312]

Events (10 events):
Event: 1.138 Thread 0x000002659826e000 DEOPT PACKING pc=0x0000026598500068 sp=0x000000d9dd7ff6f0
Event: 1.138 Thread 0x000002659826e000 DEOPT UNPACKING pc=0x00000265984275c7 sp=0x000000d9dd7ff478 mode 0
Event: 1.139 Thread 0x000002659826e000 DEOPT PACKING pc=0x0000026598500068 sp=0x000000d9dd7ff6f0
Event: 1.139 Thread 0x000002659826e000 DEOPT UNPACKING pc=0x00000265984275c7 sp=0x000000d9dd7ff478 mode 0
Event: 1.140 Thread 0x000002659826e000 DEOPT PACKING pc=0x0000026598500068 sp=0x000000d9dd7ff6f0
Event: 1.140 Thread 0x000002659826e000 DEOPT UNPACKING pc=0x00000265984275c7 sp=0x000000d9dd7ff478 mode 0
Event: 1.142 Thread 0x000002659826e000 DEOPT PACKING pc=0x0000026598500068 sp=0x000000d9dd7ff6f0
Event: 1.142 Thread 0x000002659826e000 DEOPT UNPACKING pc=0x00000265984275c7 sp=0x000000d9dd7ff478 mode 0
Event: 1.144 Thread 0x000002659826e000 DEOPT PACKING pc=0x0000026598500068 sp=0x000000d9dd7ff6f0
Event: 1.144 Thread 0x000002659826e000 DEOPT UNPACKING pc=0x00000265984275c7 sp=0x000000d9dd7ff478 mode 0


Dynamic libraries:
0x00007ff7a3680000 - 0x00007ff7a36b4000 	C:\Java\jdk1.8.0_25\bin\javaw.exe
0x00007fffd5e00000 - 0x00007fffd5ff0000 	C:\WINDOWS\SYSTEM32\ntdll.dll
0x00007fff80630000 - 0x00007fff806a1000 	C:\WINDOWS\System32\verifier.dll
0x00007fff80530000 - 0x00007fff80624000 	C:\WINDOWS\SYSTEM32\PayloadRestrictions.dll
0x00007fffd30a0000 - 0x00007fffd319a000 	C:\WINDOWS\System32\ucrtbase.dll
0x00007fffd2df0000 - 0x00007fffd3095000 	C:\WINDOWS\System32\kernelbase.dll
0x00007fffd51d0000 - 0x00007fffd5282000 	C:\WINDOWS\System32\kernel32.dll
0x00007fffd4ff0000 - 0x00007fffd5093000 	C:\WINDOWS\System32\ADVAPI32.dll
0x00007fffd4a80000 - 0x00007fffd4b1e000 	C:\WINDOWS\System32\msvcrt.dll
0x00007fffd57e0000 - 0x00007fffd5877000 	C:\WINDOWS\System32\sechost.dll
0x00007fffd56c0000 - 0x00007fffd57df000 	C:\WINDOWS\System32\RPCRT4.dll
0x00007fffd4650000 - 0x00007fffd47e4000 	C:\WINDOWS\System32\USER32.dll
0x00007fffd3dd0000 - 0x00007fffd3df1000 	C:\WINDOWS\System32\win32u.dll
0x00007fffd4620000 - 0x00007fffd4646000 	C:\WINDOWS\System32\GDI32.dll
0x00007fffd3230000 - 0x00007fffd33c8000 	C:\WINDOWS\System32\gdi32full.dll
0x00007fffd33d0000 - 0x00007fffd346e000 	C:\WINDOWS\System32\msvcp_win.dll
0x00007fff9f740000 - 0x00007fff9f9c4000 	C:\WINDOWS\WinSxS\amd64_microsoft.windows.common-controls_6595b64144ccf1df_6.0.18362.1440_none_9e7dbfb9e45e8e67\COMCTL32.dll
0x00007fffd5940000 - 0x00007fffd5c76000 	C:\WINDOWS\System32\combase.dll
0x00007fffd31a0000 - 0x00007fffd3221000 	C:\WINDOWS\System32\bcryptPrimitives.dll
0x00007fffd4a50000 - 0x00007fffd4a7e000 	C:\WINDOWS\System32\IMM32.DLL
0x0000000052530000 - 0x0000000052602000 	C:\Java\jdk1.8.0_25\jre\bin\msvcr100.dll
0x00000000503c0000 - 0x0000000050c1a000 	C:\Java\jdk1.8.0_25\jre\bin\server\jvm.dll
0x00007fffd5320000 - 0x00007fffd5328000 	C:\WINDOWS\System32\PSAPI.DLL
0x00007fffbcb50000 - 0x00007fffbcb59000 	C:\WINDOWS\SYSTEM32\WSOCK32.dll
0x00007fffd5290000 - 0x00007fffd52ff000 	C:\WINDOWS\System32\WS2_32.dll
0x00007fffc9340000 - 0x00007fffc9364000 	C:\WINDOWS\SYSTEM32\WINMM.dll
0x00007fffc9310000 - 0x00007fffc933d000 	C:\WINDOWS\SYSTEM32\WINMMBASE.dll
0x00007fffd2d70000 - 0x00007fffd2dba000 	C:\WINDOWS\System32\cfgmgr32.dll
0x0000000052960000 - 0x000000005296f000 	C:\Java\jdk1.8.0_25\jre\bin\verify.dll
0x0000000052930000 - 0x0000000052958000 	C:\Java\jdk1.8.0_25\jre\bin\java.dll
0x0000000052910000 - 0x0000000052926000 	C:\Java\jdk1.8.0_25\jre\bin\zip.dll
0x00007fffd3eb0000 - 0x00007fffd4598000 	C:\WINDOWS\System32\SHELL32.dll
0x00007fffd5330000 - 0x00007fffd53d7000 	C:\WINDOWS\System32\shcore.dll
0x00007fffd35f0000 - 0x00007fffd3d6b000 	C:\WINDOWS\System32\windows.storage.dll
0x00007fffd2ce0000 - 0x00007fffd2cfe000 	C:\WINDOWS\System32\profapi.dll
0x00007fffd2d00000 - 0x00007fffd2d4a000 	C:\WINDOWS\System32\powrprof.dll
0x00007fffd2cb0000 - 0x00007fffd2cc0000 	C:\WINDOWS\System32\UMPDC.dll
0x00007fffd50a0000 - 0x00007fffd50f2000 	C:\WINDOWS\System32\shlwapi.dll
0x00007fffd2cc0000 - 0x00007fffd2cd1000 	C:\WINDOWS\System32\kernel.appcore.dll
0x00007fffd3470000 - 0x00007fffd3487000 	C:\WINDOWS\System32\cryptsp.dll
0x00007fffd13b0000 - 0x00007fffd15a4000 	C:\WINDOWS\SYSTEM32\dbghelp.dll

VM Arguments:
jvm_args: -Dfile.encoding=Cp1252 
java_command: ProcessDefaultRunning
java_class_path (initial): D:\Essence\Workspace\GitHub\avinasshcm\PersonalWorkspace\AuditHelper\bin
Launcher Type: SUN_STANDARD

Environment Variables:
JAVA_HOME=C:\Java\jre1.8.0_251
CLASSPATH=.;C:\Java\jre1.8.0_251\bin;C:\IBM\SQLLIB~1\java\db2java.zip;C:\IBM\SQLLIB~1\java\db2jcc.jar;C:\IBM\SQLLIB~1\java\sqlj.zip;C:\IBM\SQLLIB_11\java\db2jcc_license_cu.jar;C:\IBM\SQLLIB~1\BIN;C:\IBM\SQLLIB~1\java\Common.jar;C:\IBM\WebSphere MQ\java\lib\com.ibm.mqjms.jar;C:\IBM\WebSphere MQ\java\lib\com.ibm.mq.jar;D:\Softwares\Gow\bin;D:\Essence\INSTALL-LOCATION\CTTDEV\Patches\Patch4.1\FBEssence4.2.6.1.4.1\FBE\FusionInstaller;
PATH=C:/Users/amanjuna/.p2/pool/plugins/org.eclipse.justj.openjdk.hotspot.jre.full.win32.x86_64_15.0.2.v20210201-0955/jre/bin/server;C:/Users/amanjuna/.p2/pool/plugins/org.eclipse.justj.openjdk.hotspot.jre.full.win32.x86_64_15.0.2.v20210201-0955/jre/bin;C:\Program Files (x86)\RSA SecurID Token Common;C:\Program Files\RSA SecurID Token Common;C:\IBM\WebSphere MQ\java\lib;C:\IBM\WebSphere MQ\java\lib64;D:\app\amanjuna\product\12.1.0\dbhome_1\bin;C:\Program Files (x86)\HP\NV\lib\shunra\vcat;C:\Program Files (x86)\CollabNet\Subversion Client;C:\Java\jre1.8.0_251\bin;C:\Java\jdk1.7.0_79\bin;C:\Program Files (x86)\Common Files\Oracle\Java\javapath;C:\Program Files\Common Files\Microsoft Shared\Microsoft Online Services;C:\Program Files (x86)\Common Files\Microsoft Shared\Microsoft Online Services;C:\WINDOWS\system32;C:\WINDOWS;C:\WINDOWS\System32\Wbem;C:\WINDOWS\System32\WindowsPowerShell\v1.0\;C:\WINDOWS\System32\OpenSSH\;C:\ProgramData\chocolatey\bin;C:\Program Files\ibm\gsk8\lib64;C:\Program Files (x86)\ibm\gsk8\lib;D:\OneDrive - Finastra\Softwares\Apache\apache-ant-1.8.2-bin\bin;C:\Program Files\TortoiseSVN\bin;C:\HP\LoadRunner\strawberry-perl\perl\bin;C:\Program Files (x86)\HP\NV\lib\thirdparty\safenet\LDK\7.0;C:\Program Files (x86)\HP\NV\lib\shunra\snv;C:\Program Files\Git\cmd;C:\IBM\SQLLIB~1\BIN;C:\IBM\SQLLIB~1\FUNCTION;C:\IBM\SQLLIB~1\SAMPLES\REPL;C:\Program Files\7-Zip;C:\Program Files\EmEditor;C:\Program Files\PuTTY\;C:\IBM\WebSphere MQ\bin64;C:\IBM\WebSphere MQ\bin;C:\IBM\WebSphere MQ\tools\c\samples\bin;D:\Softwares\Gow\bin;D:\Essence\INSTALL-LOCATION\CTTDEV\Patches\Patch4.1\FBEssence4.2.6.1.4.1\FBE\FusionInstaller;C:\Program Files\TortoiseGit\bin;C:\Program Files\RSA SecurID Token Common\;C:\Users\amanjuna\AppData\Local\Microsoft\WindowsApps;C:\Users\amanjuna\AppData\Local\GitHubDesktop\bin;C:\Users\amanjuna\AppData\Local\Programs\Microsoft VS Code\bin;D:\Essence\Eclipse\Java-2021-03\eclipse;
USERNAME=amanjuna
OS=Windows_NT
PROCESSOR_IDENTIFIER=Intel64 Family 6 Model 158 Stepping 13, GenuineIntel



---------------  S Y S T E M  ---------------

OS: Windows 8.1 , 64 bit Build 9600 

CPU:total 12 (6 cores per cpu, 2 threads per core) family 6 model 158 stepping 13, cmov, cx8, fxsr, mmx, sse, sse2, sse3, ssse3, sse4.1, sse4.2, popcnt, avx, avx2, aes, clmul, erms, lzcnt, ht, tsc, tscinvbit, bmi1, bmi2

Memory: 4k page, physical 33266668k(2378800k free), swap 56275620k(2056k free)

vm_info: Java HotSpot(TM) 64-Bit Server VM (25.25-b02) for windows-amd64 JRE (1.8.0_25-b18), built on Oct  7 2014 14:25:37 by "java_re" with MS VC++ 10.0 (VS2010)

time: Sun Apr 18 00:19:23 2021
elapsed time: 1 seconds (0d 0h 0m 1s)

