#
# There is insufficient memory for the Java Runtime Environment to continue.
# Native memory allocation (malloc) failed to allocate 495504 bytes for Chunk::new
# Possible reasons:
#   The system is out of physical RAM or swap space
#   In 32 bit mode, the process size limit was hit
# Possible solutions:
#   Reduce memory load on the system
#   Increase physical memory or swap space
#   Check if swap backing store is full
#   Use 64 bit Java on a 64 bit OS
#   Decrease Java heap size (-Xmx/-Xms)
#   Decrease number of Java threads
#   Decrease Java thread stack sizes (-Xss)
#   Set larger code cache with -XX:ReservedCodeCacheSize=
# This output file may be truncated or incomplete.
#
#  Out of Memory Error (allocation.cpp:390), pid=46256, tid=32596
#
# JRE version: Java(TM) SE Runtime Environment (8.0_25-b18) (build 1.8.0_25-b18)
# Java VM: Java HotSpot(TM) 64-Bit Server VM (25.25-b02 mixed mode windows-amd64 compressed oops)
# Failed to write core dump. Minidumps are not enabled by default on client versions of Windows
#

---------------  T H R E A D  ---------------

Current thread (0x000002a52d099800):  JavaThread "C2 CompilerThread1" daemon [_thread_in_native, id=32596, stack(0x000000bec2200000,0x000000bec2300000)]

Stack: [0x000000bec2200000,0x000000bec2300000]
[error occurred during error reporting (printing stack bounds), id 0xc0000005]

Native frames: (J=compiled Java code, j=interpreted, Vv=VM code, C=native code)
V  [jvm.dll+0x31667a]
V  [jvm.dll+0x267073]
V  [jvm.dll+0x267cb3]
V  [jvm.dll+0x2808d6]
V  [jvm.dll+0x2844bc]
V  [jvm.dll+0x5ae98f]
C  [msvcr100.dll+0x712e3]
V  [jvm.dll+0x5ae08d]
C  [ntdll.dll+0xa1eef]


Current CompileTask:
C2:    813  412       4       java.util.regex.Pattern::split (290 bytes)


---------------  P R O C E S S  ---------------

Java Threads: ( => current thread )
  0x000002a52d129000 JavaThread "Service Thread" daemon [_thread_blocked, id=45428, stack(0x000000bec2500000,0x000000bec2600000)]
  0x000002a52d0d2000 JavaThread "C1 CompilerThread3" daemon [_thread_blocked, id=47788, stack(0x000000bec2400000,0x000000bec2500000)]
  0x000002a52d0a9000 JavaThread "C2 CompilerThread2" daemon [_thread_in_native, id=30344, stack(0x000000bec2300000,0x000000bec2400000)]
=>0x000002a52d099800 JavaThread "C2 CompilerThread1" daemon [_thread_in_native, id=32596, stack(0x000000bec2200000,0x000000bec2300000)]
  0x000002a52d09f800 JavaThread "C2 CompilerThread0" daemon [_thread_blocked, id=48040, stack(0x000000bec2100000,0x000000bec2200000)]
  0x000002a52d09e800 JavaThread "Attach Listener" daemon [_thread_blocked, id=42652, stack(0x000000bec2000000,0x000000bec2100000)]
  0x000002a52d09d800 JavaThread "Signal Dispatcher" daemon [_thread_blocked, id=37124, stack(0x000000bec1f00000,0x000000bec2000000)]
  0x000002a52b9ac800 JavaThread "Finalizer" daemon [_thread_blocked, id=47780, stack(0x000000bec1e00000,0x000000bec1f00000)]
  0x000002a5093c6800 JavaThread "Reference Handler" daemon [_thread_blocked, id=29036, stack(0x000000bec1d00000,0x000000bec1e00000)]
  0x000002a5092ce000 JavaThread "main" [_thread_in_Java, id=38456, stack(0x000000bec1100000,0x000000bec1200000)]

Other Threads:
  0x000002a52d062800 VMThread [stack: 0x000000bec1c00000,0x000000bec1d00000] [id=42708]
  0x000002a52b9be800 WatcherThread [stack: 0x000000bec2600000,0x000000bec2700000] [id=38008]

VM state:not at safepoint (normal execution)

VM Mutex/Monitor currently owned by a thread: None

Heap:
 PSYoungGen      total 151552K, used 6609K [0x0000000716d00000, 0x0000000721600000, 0x00000007c0000000)
  eden space 130048K, 3% used [0x0000000716d00000,0x0000000717208750,0x000000071ec00000)
  from space 21504K, 6% used [0x000000071ec00000,0x000000071ed6c030,0x0000000720100000)
  to   space 21504K, 0% used [0x0000000720100000,0x0000000720100000,0x0000000721600000)
 ParOldGen       total 347136K, used 8K [0x00000005c4600000, 0x00000005d9900000, 0x0000000716d00000)
  object space 347136K, 0% used [0x00000005c4600000,0x00000005c4602000,0x00000005d9900000)
 Metaspace       used 3745K, capacity 4562K, committed 4864K, reserved 1056768K
  class space    used 377K, capacity 386K, committed 512K, reserved 1048576K

Card table byte_map: [0x000002a518790000,0x000002a519770000] byte_map_base: 0x000002a51596d000

Marking Bits: (ParMarkBitMap*) 0x0000000050b9d490
 Begin Bits: [0x000002a51a210000, 0x000002a5220f8000)
 End Bits:   [0x000002a5220f8000, 0x000002a529fe0000)

Polling page: 0x000002a5076f0000

CodeCache: size=245760Kb used=2678Kb max_used=2690Kb free=243081Kb
 bounds [0x000002a5093d0000, 0x000002a509680000, 0x000002a5183d0000]
 total_blobs=702 nmethods=452 adapters=164
 compilation: enabled

Compilation events (10 events):
Event: 0.711 Thread 0x000002a52d09f800 nmethod 445 0x000002a509652090 code [0x000002a5096521e0, 0x000002a509652358]
Event: 0.711 Thread 0x000002a52d09f800  448       4       sun.util.calendar.ZoneInfo::getOffsets (276 bytes)
Event: 0.731 Thread 0x000002a52d0a9000 nmethod 438 0x000002a509674610 code [0x000002a509674b60, 0x000002a509676d00]
Event: 0.732 Thread 0x000002a52d0a9000  451       4       java.util.Calendar::setFieldsNormalized (65 bytes)
Event: 0.735 Thread 0x000002a52d09f800 nmethod 448 0x000002a5096594d0 code [0x000002a509659660, 0x000002a509659ca8]
Event: 0.735 Thread 0x000002a52d09f800  450       4       java.util.ArrayList::grow (45 bytes)
Event: 0.740 Thread 0x000002a52d09f800 nmethod 450 0x000002a50966c250 code [0x000002a50966c3a0, 0x000002a50966c608]
Event: 0.746 Thread 0x000002a52d0a9000 nmethod 451 0x000002a5096628d0 code [0x000002a509662a20, 0x000002a509662d38]
Event: 0.749 Thread 0x000002a52d09f800  452       4       java.util.regex.Pattern::closure (477 bytes)
Event: 0.756 Thread 0x000002a52d09f800 nmethod 452 0x000002a509668ad0 code [0x000002a509668ca0, 0x000002a509669010]

GC Heap History (0 events):
No events

Deoptimization events (4 events):
Event: 0.564 Thread 0x000002a5092ce000 Uncommon trap: reason=array_check action=maybe_recompile pc=0x000002a509663740 method=java.util.AbstractCollection.toArray([Ljava/lang/Object;)[Ljava/lang/Object; @ 119
Event: 0.566 Thread 0x000002a5092ce000 Uncommon trap: reason=array_check action=maybe_recompile pc=0x000002a509663740 method=java.util.AbstractCollection.toArray([Ljava/lang/Object;)[Ljava/lang/Object; @ 119
Event: 0.567 Thread 0x000002a5092ce000 Uncommon trap: reason=array_check action=maybe_recompile pc=0x000002a509663740 method=java.util.AbstractCollection.toArray([Ljava/lang/Object;)[Ljava/lang/Object; @ 119
Event: 0.567 Thread 0x000002a5092ce000 Uncommon trap: reason=array_check action=maybe_recompile pc=0x000002a509663740 method=java.util.AbstractCollection.toArray([Ljava/lang/Object;)[Ljava/lang/Object; @ 119

Internal exceptions (10 events):
Event: 0.117 Thread 0x000002a5092ce000 Exception <a 'java/security/PrivilegedActionException'> (0x0000000716d5aa08) thrown at [D:\re\workspace\8-2-build-windows-amd64-cygwin\jdk8u25\1677\hotspot\src\share\vm\prims\jvm.cpp, line 1312]
Event: 0.129 Thread 0x000002a5092ce000 Exception <a 'java/security/PrivilegedActionException'> (0x0000000716d70ea8) thrown at [D:\re\workspace\8-2-build-windows-amd64-cygwin\jdk8u25\1677\hotspot\src\share\vm\prims\jvm.cpp, line 1312]
Event: 0.147 Thread 0x000002a5092ce000 Exception <a 'java/security/PrivilegedActionException'> (0x0000000716db6478) thrown at [D:\re\workspace\8-2-build-windows-amd64-cygwin\jdk8u25\1677\hotspot\src\share\vm\prims\jvm.cpp, line 1312]
Event: 0.147 Thread 0x000002a5092ce000 Exception <a 'java/security/PrivilegedActionException'> (0x0000000716db67c0) thrown at [D:\re\workspace\8-2-build-windows-amd64-cygwin\jdk8u25\1677\hotspot\src\share\vm\prims\jvm.cpp, line 1312]
Event: 0.147 Thread 0x000002a5092ce000 Exception <a 'java/security/PrivilegedActionException'> (0x0000000716db90e8) thrown at [D:\re\workspace\8-2-build-windows-amd64-cygwin\jdk8u25\1677\hotspot\src\share\vm\prims\jvm.cpp, line 1312]
Event: 0.147 Thread 0x000002a5092ce000 Exception <a 'java/security/PrivilegedActionException'> (0x0000000716db9430) thrown at [D:\re\workspace\8-2-build-windows-amd64-cygwin\jdk8u25\1677\hotspot\src\share\vm\prims\jvm.cpp, line 1312]
Event: 0.154 Thread 0x000002a5092ce000 Exception <a 'java/security/PrivilegedActionException'> (0x0000000716dbfe10) thrown at [D:\re\workspace\8-2-build-windows-amd64-cygwin\jdk8u25\1677\hotspot\src\share\vm\prims\jvm.cpp, line 1312]
Event: 0.154 Thread 0x000002a5092ce000 Exception <a 'java/security/PrivilegedActionException'> (0x0000000716dc11d0) thrown at [D:\re\workspace\8-2-build-windows-amd64-cygwin\jdk8u25\1677\hotspot\src\share\vm\prims\jvm.cpp, line 1312]
Event: 0.161 Thread 0x000002a5092ce000 Exception <a 'java/security/PrivilegedActionException'> (0x0000000716dda910) thrown at [D:\re\workspace\8-2-build-windows-amd64-cygwin\jdk8u25\1677\hotspot\src\share\vm\prims\jvm.cpp, line 1312]
Event: 0.162 Thread 0x000002a5092ce000 Exception <a 'java/security/PrivilegedActionException'> (0x0000000716ddbca8) thrown at [D:\re\workspace\8-2-build-windows-amd64-cygwin\jdk8u25\1677\hotspot\src\share\vm\prims\jvm.cpp, line 1312]

Events (10 events):
Event: 0.564 Thread 0x000002a5092ce000 DEOPT UNPACKING pc=0x000002a509415572 sp=0x000000bec11ff1a8 mode 2
Event: 0.566 Thread 0x000002a5092ce000 Uncommon trap: trap_request=0xffffffd6 fr.pc=0x000002a509663740
Event: 0.567 Thread 0x000002a5092ce000 DEOPT PACKING pc=0x000002a509663740 sp=0x000000bec11ff1e0
Event: 0.567 Thread 0x000002a5092ce000 DEOPT UNPACKING pc=0x000002a509415572 sp=0x000000bec11ff1a8 mode 2
Event: 0.567 Thread 0x000002a5092ce000 Uncommon trap: trap_request=0xffffffd6 fr.pc=0x000002a509663740
Event: 0.567 Thread 0x000002a5092ce000 DEOPT PACKING pc=0x000002a509663740 sp=0x000000bec11ff1e0
Event: 0.567 Thread 0x000002a5092ce000 DEOPT UNPACKING pc=0x000002a509415572 sp=0x000000bec11ff1a8 mode 2
Event: 0.567 Thread 0x000002a5092ce000 Uncommon trap: trap_request=0xffffffd6 fr.pc=0x000002a509663740
Event: 0.567 Thread 0x000002a5092ce000 DEOPT PACKING pc=0x000002a509663740 sp=0x000000bec11ff1e0
Event: 0.567 Thread 0x000002a5092ce000 DEOPT UNPACKING pc=0x000002a509415572 sp=0x000000bec11ff1a8 mode 2


Dynamic libraries:
0x00007ff7a3680000 - 0x00007ff7a36b4000 	C:\Java\jdk1.8.0_25\bin\javaw.exe
0x00007fffd5e00000 - 0x00007fffd5ff0000 	C:\WINDOWS\SYSTEM32\ntdll.dll
0x00007fff80630000 - 0x00007fff806a1000 	C:\WINDOWS\System32\verifier.dll
0x00007fff80530000 - 0x00007fff80624000 	C:\WINDOWS\SYSTEM32\PayloadRestrictions.dll
0x00007fffd30a0000 - 0x00007fffd319a000 	C:\WINDOWS\System32\ucrtbase.dll
0x00007fffd2df0000 - 0x00007fffd3095000 	C:\WINDOWS\System32\kernelbase.dll
0x00007fffd51d0000 - 0x00007fffd5282000 	C:\WINDOWS\System32\kernel32.dll
0x00007fffd4ff0000 - 0x00007fffd5093000 	C:\WINDOWS\System32\ADVAPI32.dll
0x00007fffd4a80000 - 0x00007fffd4b1e000 	C:\WINDOWS\System32\msvcrt.dll
0x00007fffd57e0000 - 0x00007fffd5877000 	C:\WINDOWS\System32\sechost.dll
0x00007fffd56c0000 - 0x00007fffd57df000 	C:\WINDOWS\System32\RPCRT4.dll
0x00007fffd4650000 - 0x00007fffd47e4000 	C:\WINDOWS\System32\USER32.dll
0x00007fffd3dd0000 - 0x00007fffd3df1000 	C:\WINDOWS\System32\win32u.dll
0x00007fffd4620000 - 0x00007fffd4646000 	C:\WINDOWS\System32\GDI32.dll
0x00007fffd3230000 - 0x00007fffd33c8000 	C:\WINDOWS\System32\gdi32full.dll
0x00007fffd33d0000 - 0x00007fffd346e000 	C:\WINDOWS\System32\msvcp_win.dll
0x00007fff9f740000 - 0x00007fff9f9c4000 	C:\WINDOWS\WinSxS\amd64_microsoft.windows.common-controls_6595b64144ccf1df_6.0.18362.1440_none_9e7dbfb9e45e8e67\COMCTL32.dll
0x00007fffd5940000 - 0x00007fffd5c76000 	C:\WINDOWS\System32\combase.dll
0x00007fffd31a0000 - 0x00007fffd3221000 	C:\WINDOWS\System32\bcryptPrimitives.dll
0x00007fffd4a50000 - 0x00007fffd4a7e000 	C:\WINDOWS\System32\IMM32.DLL
0x0000000052530000 - 0x0000000052602000 	C:\Java\jdk1.8.0_25\jre\bin\msvcr100.dll
0x00000000503c0000 - 0x0000000050c1a000 	C:\Java\jdk1.8.0_25\jre\bin\server\jvm.dll
0x00007fffd5320000 - 0x00007fffd5328000 	C:\WINDOWS\System32\PSAPI.DLL
0x00007fffbcb50000 - 0x00007fffbcb59000 	C:\WINDOWS\SYSTEM32\WSOCK32.dll
0x00007fffd5290000 - 0x00007fffd52ff000 	C:\WINDOWS\System32\WS2_32.dll
0x00007fffc9340000 - 0x00007fffc9364000 	C:\WINDOWS\SYSTEM32\WINMM.dll
0x00007fffc9310000 - 0x00007fffc933d000 	C:\WINDOWS\SYSTEM32\WINMMBASE.dll
0x00007fffd2d70000 - 0x00007fffd2dba000 	C:\WINDOWS\System32\cfgmgr32.dll
0x0000000052960000 - 0x000000005296f000 	C:\Java\jdk1.8.0_25\jre\bin\verify.dll
0x0000000052930000 - 0x0000000052958000 	C:\Java\jdk1.8.0_25\jre\bin\java.dll
0x0000000052910000 - 0x0000000052926000 	C:\Java\jdk1.8.0_25\jre\bin\zip.dll
0x00007fffd3eb0000 - 0x00007fffd4598000 	C:\WINDOWS\System32\SHELL32.dll
0x00007fffd5330000 - 0x00007fffd53d7000 	C:\WINDOWS\System32\shcore.dll
0x00007fffd35f0000 - 0x00007fffd3d6b000 	C:\WINDOWS\System32\windows.storage.dll
0x00007fffd2ce0000 - 0x00007fffd2cfe000 	C:\WINDOWS\System32\profapi.dll
0x00007fffd2d00000 - 0x00007fffd2d4a000 	C:\WINDOWS\System32\powrprof.dll
0x00007fffd2cb0000 - 0x00007fffd2cc0000 	C:\WINDOWS\System32\UMPDC.dll
0x00007fffd50a0000 - 0x00007fffd50f2000 	C:\WINDOWS\System32\shlwapi.dll
0x00007fffd2cc0000 - 0x00007fffd2cd1000 	C:\WINDOWS\System32\kernel.appcore.dll
0x00007fffd3470000 - 0x00007fffd3487000 	C:\WINDOWS\System32\cryptsp.dll
0x00007fffd13b0000 - 0x00007fffd15a4000 	C:\WINDOWS\SYSTEM32\dbghelp.dll

VM Arguments:
jvm_args: -Dfile.encoding=Cp1252 
java_command: ProcessDefaultRunning
java_class_path (initial): D:\Essence\Workspace\GitHub\avinasshcm\PersonalWorkspace\AuditHelper\bin
Launcher Type: SUN_STANDARD

Environment Variables:
JAVA_HOME=C:\Java\jre1.8.0_251
CLASSPATH=.;C:\Java\jre1.8.0_251\bin;C:\IBM\SQLLIB~1\java\db2java.zip;C:\IBM\SQLLIB~1\java\db2jcc.jar;C:\IBM\SQLLIB~1\java\sqlj.zip;C:\IBM\SQLLIB_11\java\db2jcc_license_cu.jar;C:\IBM\SQLLIB~1\BIN;C:\IBM\SQLLIB~1\java\Common.jar;C:\IBM\WebSphere MQ\java\lib\com.ibm.mqjms.jar;C:\IBM\WebSphere MQ\java\lib\com.ibm.mq.jar;D:\Softwares\Gow\bin;D:\Essence\INSTALL-LOCATION\CTTDEV\Patches\Patch4.1\FBEssence4.2.6.1.4.1\FBE\FusionInstaller;
PATH=C:/Users/amanjuna/.p2/pool/plugins/org.eclipse.justj.openjdk.hotspot.jre.full.win32.x86_64_15.0.2.v20210201-0955/jre/bin/server;C:/Users/amanjuna/.p2/pool/plugins/org.eclipse.justj.openjdk.hotspot.jre.full.win32.x86_64_15.0.2.v20210201-0955/jre/bin;C:\Program Files (x86)\RSA SecurID Token Common;C:\Program Files\RSA SecurID Token Common;C:\IBM\WebSphere MQ\java\lib;C:\IBM\WebSphere MQ\java\lib64;D:\app\amanjuna\product\12.1.0\dbhome_1\bin;C:\Program Files (x86)\HP\NV\lib\shunra\vcat;C:\Program Files (x86)\CollabNet\Subversion Client;C:\Java\jre1.8.0_251\bin;C:\Java\jdk1.7.0_79\bin;C:\Program Files (x86)\Common Files\Oracle\Java\javapath;C:\Program Files\Common Files\Microsoft Shared\Microsoft Online Services;C:\Program Files (x86)\Common Files\Microsoft Shared\Microsoft Online Services;C:\WINDOWS\system32;C:\WINDOWS;C:\WINDOWS\System32\Wbem;C:\WINDOWS\System32\WindowsPowerShell\v1.0\;C:\WINDOWS\System32\OpenSSH\;C:\ProgramData\chocolatey\bin;C:\Program Files\ibm\gsk8\lib64;C:\Program Files (x86)\ibm\gsk8\lib;D:\OneDrive - Finastra\Softwares\Apache\apache-ant-1.8.2-bin\bin;C:\Program Files\TortoiseSVN\bin;C:\HP\LoadRunner\strawberry-perl\perl\bin;C:\Program Files (x86)\HP\NV\lib\thirdparty\safenet\LDK\7.0;C:\Program Files (x86)\HP\NV\lib\shunra\snv;C:\Program Files\Git\cmd;C:\IBM\SQLLIB~1\BIN;C:\IBM\SQLLIB~1\FUNCTION;C:\IBM\SQLLIB~1\SAMPLES\REPL;C:\Program Files\7-Zip;C:\Program Files\EmEditor;C:\Program Files\PuTTY\;C:\IBM\WebSphere MQ\bin64;C:\IBM\WebSphere MQ\bin;C:\IBM\WebSphere MQ\tools\c\samples\bin;D:\Softwares\Gow\bin;D:\Essence\INSTALL-LOCATION\CTTDEV\Patches\Patch4.1\FBEssence4.2.6.1.4.1\FBE\FusionInstaller;C:\Program Files\TortoiseGit\bin;C:\Program Files\RSA SecurID Token Common\;C:\Users\amanjuna\AppData\Local\Microsoft\WindowsApps;C:\Users\amanjuna\AppData\Local\GitHubDesktop\bin;C:\Users\amanjuna\AppData\Local\Programs\Microsoft VS Code\bin;D:\Essence\Eclipse\Java-2021-03\eclipse;
USERNAME=amanjuna
OS=Windows_NT
PROCESSOR_IDENTIFIER=Intel64 Family 6 Model 158 Stepping 13, GenuineIntel



---------------  S Y S T E M  ---------------

OS: Windows 8.1 , 64 bit Build 9600 

CPU:total 12 (6 cores per cpu, 2 threads per core) family 6 model 158 stepping 13, cmov, cx8, fxsr, mmx, sse, sse2, sse3, ssse3, sse4.1, sse4.2, popcnt, avx, avx2, aes, clmul, erms, lzcnt, ht, tsc, tscinvbit, bmi1, bmi2

Memory: 4k page, physical 33266668k(2317864k free), swap 56275620k(15484k free)

vm_info: Java HotSpot(TM) 64-Bit Server VM (25.25-b02) for windows-amd64 JRE (1.8.0_25-b18), built on Oct  7 2014 14:25:37 by "java_re" with MS VC++ 10.0 (VS2010)

time: Sun Apr 18 00:19:27 2021
elapsed time: 0 seconds (0d 0h 0m 0s)

